This file contains any messages produced by compilers while
running configure, to aid debugging if configure makes a mistake.

It was created by WiredTiger configure 2.8.0, which was
generated by GNU Autoconf 2.69.  Invocation command line was

  $ ../configure --enable-java

## --------- ##
## Platform. ##
## --------- ##

hostname = jesusnavarrete.local
uname -m = x86_64
uname -r = 15.3.0
uname -s = Darwin
uname -v = Darwin Kernel Version 15.3.0: Thu Dec 10 18:40:58 PST 2015; root:xnu-3248.30.4~1/RELEASE_X86_64

/usr/bin/uname -p = i386
/bin/uname -X     = unknown

/bin/arch              = unknown
/usr/bin/arch -k       = unknown
/usr/convex/getsysinfo = unknown
/usr/bin/hostinfo      = Mach kernel version:
	 Darwin Kernel Version 15.3.0: Thu Dec 10 18:40:58 PST 2015; root:xnu-3248.30.4~1/RELEASE_X86_64
Kernel configured for up to 8 processors.
4 processors are physically available.
8 processors are logically available.
Processor type: x86_64h (Intel x86-64h Haswell)
Processors active: 0 1 2 3 4 5 6 7
Primary memory available: 16.00 gigabytes
Default processor set: 437 tasks, 3365 threads, 8 processors
Load average: 4.32, Mach factor: 3.80
/bin/machine           = unknown
/usr/bin/oslevel       = unknown
/bin/universe          = unknown

PATH: /Applications/Dev/gradle-1.11/bin
PATH: /Users/jesus.navarrete/dev/hadoop-2.5.1/bin
PATH: /Users/jesus.navarrete/Library/Haskell/bin
PATH: /usr/local/go/bin
PATH: /opt/local/bin
PATH: /opt/local/sbin
PATH: /usr/bin
PATH: /bin
PATH: /usr/sbin
PATH: /sbin
PATH: /usr/local/bin
PATH: /opt/X11/bin
PATH: /usr/local/git/bin
PATH: /Users/jesus.navarrete/projects/HiWeb/env/mongo/mongo/bin
PATH: /Applications/Dev/apache-ant-1.9.3/bin
PATH: /Applications/Dev/apache-maven-3.3.3/bin
PATH: /usr/local/share/scala-2.11.1//bin
PATH: /Users/jesus.navarrete/dev/activator-1.3.7/
PATH: /Applications/Dev/javacc-6.0/bin


## ----------- ##
## Core tests. ##
## ----------- ##

configure:2765: checking for a BSD-compatible install
configure:2833: result: /usr/bin/install -c
configure:2844: checking whether build environment is sane
configure:2899: result: yes
configure:3050: checking for a thread-safe mkdir -p
configure:3089: result: ../build_posix/gnu-support/install-sh -c -d
configure:3096: checking for gawk
configure:3126: result: no
configure:3096: checking for mawk
configure:3126: result: no
configure:3096: checking for nawk
configure:3126: result: no
configure:3096: checking for awk
configure:3112: found /usr/bin/awk
configure:3123: result: awk
configure:3134: checking whether make sets $(MAKE)
configure:3156: result: yes
configure:3185: checking whether make supports nested variables
configure:3202: result: yes
configure:3219: error: source directory already configured; run "make distclean" there first

## ---------------- ##
## Cache variables. ##
## ---------------- ##

ac_cv_env_CCASFLAGS_set=
ac_cv_env_CCASFLAGS_value=
ac_cv_env_CCAS_set=
ac_cv_env_CCAS_value=
ac_cv_env_CCC_set=
ac_cv_env_CCC_value=
ac_cv_env_CC_set=
ac_cv_env_CC_value=
ac_cv_env_CFLAGS_set=
ac_cv_env_CFLAGS_value=
ac_cv_env_CPPFLAGS_set=
ac_cv_env_CPPFLAGS_value=
ac_cv_env_CPP_set=
ac_cv_env_CPP_value=
ac_cv_env_CXXCPP_set=
ac_cv_env_CXXCPP_value=
ac_cv_env_CXXFLAGS_set=
ac_cv_env_CXXFLAGS_value=
ac_cv_env_CXX_set=
ac_cv_env_CXX_value=
ac_cv_env_LDFLAGS_set=
ac_cv_env_LDFLAGS_value=
ac_cv_env_LIBS_set=
ac_cv_env_LIBS_value=
ac_cv_env_PYTHON_set=
ac_cv_env_PYTHON_value=
ac_cv_env_build_alias_set=
ac_cv_env_build_alias_value=
ac_cv_env_host_alias_set=
ac_cv_env_host_alias_value=
ac_cv_env_target_alias_set=
ac_cv_env_target_alias_value=
ac_cv_path_install='/usr/bin/install -c'
ac_cv_prog_AWK=awk
ac_cv_prog_make_make_set=yes
am_cv_make_support_nested_variables=yes

## ----------------- ##
## Output variables. ##
## ----------------- ##

ACLOCAL=''
AMDEPBACKSLASH=''
AMDEP_FALSE=''
AMDEP_TRUE=''
AMTAR=''
AM_BACKSLASH='\'
AM_CFLAGS=''
AM_DEFAULT_V='$(AM_DEFAULT_VERBOSITY)'
AM_DEFAULT_VERBOSITY='1'
AM_LIBTOOLFLAGS=''
AM_V='$(V)'
AR=''
AUTOCONF=''
AUTOHEADER=''
AUTOMAKE=''
AWK='awk'
BERKELEY_DB_PATH=''
CC=''
CCAS=''
CCASDEPMODE=''
CCASFLAGS=''
CCDEPMODE=''
CFLAGS='-O3 -g'
CPP=''
CPPFLAGS=''
CXX=''
CXXCPP=''
CXXDEPMODE=''
CXXFLAGS='-O3 -g'
CYGPATH_W=''
DEFS=''
DEPDIR=''
DLLTOOL=''
DOXYGEN=''
DSYMUTIL=''
DUMPBIN=''
ECHO_C='\c'
ECHO_N=''
ECHO_T=''
EGREP=''
EXEEXT=''
FGREP=''
FILE_t_decl=''
GREP=''
HAVE_BASHOLEVELDB_FALSE=''
HAVE_BASHOLEVELDB_TRUE=''
HAVE_BERKELEY_DB_FALSE=''
HAVE_BERKELEY_DB_TRUE=''
HAVE_BUILTIN_EXTENSION_LZ4_FALSE=''
HAVE_BUILTIN_EXTENSION_LZ4_TRUE=''
HAVE_BUILTIN_EXTENSION_SNAPPY_FALSE=''
HAVE_BUILTIN_EXTENSION_SNAPPY_TRUE=''
HAVE_BUILTIN_EXTENSION_ZLIB_FALSE=''
HAVE_BUILTIN_EXTENSION_ZLIB_TRUE=''
HAVE_HELIUM_FALSE=''
HAVE_HELIUM_TRUE=''
HAVE_HYPERLEVELDB_FALSE=''
HAVE_HYPERLEVELDB_TRUE=''
HAVE_ROCKSDB_FALSE=''
HAVE_ROCKSDB_TRUE=''
HELIUM_PATH=''
INSTALL_DATA='${INSTALL} -m 644'
INSTALL_PROGRAM='${INSTALL}'
INSTALL_SCRIPT='${INSTALL}'
INSTALL_STRIP_PROGRAM='$(install_sh) -c -s'
JAR=''
JAVA=''
JAVAC=''
JAVA_FALSE=''
JAVA_JUNIT=''
JAVA_TRUE=''
JNI_CPPFLAGS=''
JUNIT=''
LD=''
LDFLAGS=''
LEVELDB_FALSE=''
LEVELDB_TRUE=''
LIBOBJS=''
LIBS=''
LIBTOOL=''
LIBTOOL_DEPS=''
LIPO=''
LN_S=''
LTLIBOBJS=''
LZ4_FALSE=''
LZ4_TRUE=''
MAKEINFO=''
MAN1_PAGES=''
MAN3_PAGES=''
MANIFEST_TOOL=''
MKDIR_P='../build_posix/gnu-support/install-sh -c -d'
NM=''
NMEDIT=''
OBJDUMP=''
OBJEXT=''
OTOOL64=''
OTOOL=''
PACKAGE=''
PACKAGE_BUGREPORT='support@wiredtiger.com'
PACKAGE_NAME='WiredTiger'
PACKAGE_STRING='WiredTiger 2.8.0'
PACKAGE_TARNAME='wiredtiger'
PACKAGE_URL=''
PACKAGE_VERSION='2.8.0'
PATH_SEPARATOR=':'
PYTHON=''
PYTHON_EXEC_PREFIX=''
PYTHON_FALSE=''
PYTHON_INSTALL_ARG=''
PYTHON_PLATFORM=''
PYTHON_PREFIX=''
PYTHON_TRUE=''
PYTHON_VERSION=''
RANLIB=''
SED=''
SET_MAKE=''
SHELL='/bin/sh'
SNAPPY_FALSE=''
SNAPPY_TRUE=''
STRIP=''
SWIG=''
SWIG_LIB=''
TCMalloc_FALSE=''
TCMalloc_TRUE=''
TESTS_JUNIT=''
UUDECODE=''
VERSION=''
VERSION_MAJOR='2'
VERSION_MINOR='8'
VERSION_NOPATCH='2.8'
VERSION_PATCH='0'
VERSION_STRING='"WiredTiger 2.8.0: (March 24, 2016)"'
ZLIB_FALSE=''
ZLIB_TRUE=''
_ACJNI_JAVAC=''
ac_ct_AR=''
ac_ct_CC=''
ac_ct_CXX=''
ac_ct_DUMPBIN=''
am__EXEEXT_FALSE=''
am__EXEEXT_TRUE=''
am__fastdepCCAS_FALSE=''
am__fastdepCCAS_TRUE=''
am__fastdepCC_FALSE=''
am__fastdepCC_TRUE=''
am__fastdepCXX_FALSE=''
am__fastdepCXX_TRUE=''
am__include=''
am__isrc=' -I$(srcdir)'
am__leading_dot='.'
am__nodep=''
am__quote=''
am__tar=''
am__untar=''
bindir='${exec_prefix}/bin'
build=''
build_alias=''
build_cpu=''
build_os=''
build_vendor=''
datadir='${datarootdir}'
datarootdir='${prefix}/share'
docdir='${datarootdir}/doc/${PACKAGE_TARNAME}'
dvidir='${docdir}'
exec_prefix='NONE'
host=''
host_alias=''
host_cpu=''
host_os=''
host_vendor=''
htmldir='${docdir}'
includedir='${prefix}/include'
infodir='${datarootdir}/info'
install_sh='${SHELL} /Users/jesus.navarrete/sciodb/wiredtiger_2_8_0/build_posix/gnu-support/install-sh'
libdir='${exec_prefix}/lib'
libexecdir='${exec_prefix}/libexec'
localedir='${datarootdir}/locale'
localstatedir='${prefix}/var'
mandir='${datarootdir}/man'
mkdir_p=''
off_t_decl=''
oldincludedir='/usr/include'
pdfdir='${docdir}'
pid_t_decl=''
pkgpyexecdir=''
pkgpythondir=''
prefix='NONE'
program_transform_name='s,x,x,'
psdir='${docdir}'
pyexecdir=''
pythondir=''
sbindir='${exec_prefix}/sbin'
sharedstatedir='${prefix}/com'
size_t_decl=''
ssize_t_decl=''
sysconfdir='${prefix}/etc'
target_alias=''
time_t_decl=''
uintmax_t_decl=''
uintptr_t_decl=''
wiredtiger_includes_decl=''

## ----------- ##
## confdefs.h. ##
## ----------- ##

/* confdefs.h */
#define PACKAGE_NAME "WiredTiger"
#define PACKAGE_TARNAME "wiredtiger"
#define PACKAGE_VERSION "2.8.0"
#define PACKAGE_STRING "WiredTiger 2.8.0"
#define PACKAGE_BUGREPORT "support@wiredtiger.com"
#define PACKAGE_URL ""

configure: exit 1
