This file contains any messages produced by compilers while
running configure, to aid debugging if configure makes a mistake.

It was created by WiredTiger configure 2.8.0, which was
generated by GNU Autoconf 2.69.  Invocation command line was

  $ ./configure --enable-java

## --------- ##
## Platform. ##
## --------- ##

hostname = jesusnavarrete.local
uname -m = x86_64
uname -r = 15.4.0
uname -s = Darwin
uname -v = Darwin Kernel Version 15.4.0: Fri Feb 26 22:08:05 PST 2016; root:xnu-3248.40.184~3/RELEASE_X86_64

/usr/bin/uname -p = i386
/bin/uname -X     = unknown

/bin/arch              = unknown
/usr/bin/arch -k       = unknown
/usr/convex/getsysinfo = unknown
/usr/bin/hostinfo      = Mach kernel version:
	 Darwin Kernel Version 15.4.0: Fri Feb 26 22:08:05 PST 2016; root:xnu-3248.40.184~3/RELEASE_X86_64
Kernel configured for up to 8 processors.
4 processors are physically available.
8 processors are logically available.
Processor type: x86_64h (Intel x86-64h Haswell)
Processors active: 0 1 2 3 4 5 6 7
Primary memory available: 16.00 gigabytes
Default processor set: 428 tasks, 2786 threads, 8 processors
Load average: 2.60, Mach factor: 5.39
/bin/machine           = unknown
/usr/bin/oslevel       = unknown
/bin/universe          = unknown

PATH: /Applications/Dev/gradle-1.11/bin
PATH: /Users/jesus.navarrete/dev/hadoop-2.5.1/bin
PATH: /Users/jesus.navarrete/Library/Haskell/bin
PATH: /usr/local/go/bin
PATH: /opt/local/bin
PATH: /opt/local/sbin
PATH: /usr/bin
PATH: /bin
PATH: /usr/sbin
PATH: /sbin
PATH: /usr/local/bin
PATH: /opt/X11/bin
PATH: /usr/local/git/bin
PATH: /Users/jesus.navarrete/projects/HiWeb/env/mongo/mongo/bin
PATH: /Applications/Dev/apache-ant-1.9.3/bin
PATH: /Applications/Dev/apache-maven-3.3.3/bin
PATH: /usr/local/share/scala-2.11.1//bin
PATH: /Users/jesus.navarrete/dev/activator-1.3.7/
PATH: /Applications/Dev/javacc-6.0/bin


## ----------- ##
## Core tests. ##
## ----------- ##

configure:2765: checking for a BSD-compatible install
configure:2833: result: /usr/bin/install -c
configure:2844: checking whether build environment is sane
configure:2899: result: yes
configure:3050: checking for a thread-safe mkdir -p
configure:3089: result: build_posix/gnu-support/install-sh -c -d
configure:3096: checking for gawk
configure:3126: result: no
configure:3096: checking for mawk
configure:3126: result: no
configure:3096: checking for nawk
configure:3126: result: no
configure:3096: checking for awk
configure:3112: found /usr/bin/awk
configure:3123: result: awk
configure:3134: checking whether make sets $(MAKE)
configure:3156: result: yes
configure:3185: checking whether make supports nested variables
configure:3202: result: yes
configure:3339: checking whether make supports nested variables
configure:3356: result: yes
configure:3384: checking for style of include used by make
configure:3412: result: GNU
configure:3483: checking for gcc
configure:3499: found /usr/bin/gcc
configure:3510: result: gcc
configure:3739: checking for C compiler version
configure:3748: gcc --version >&5
Apple LLVM version 7.3.0 (clang-703.0.29)
Target: x86_64-apple-darwin15.4.0
Thread model: posix
InstalledDir: /Applications/Xcode.app/Contents/Developer/Toolchains/XcodeDefault.xctoolchain/usr/bin
Configured with: --prefix=/Applications/Xcode.app/Contents/Developer/usr --with-gxx-include-dir=/usr/include/c++/4.2.1
configure:3759: $? = 0
configure:3748: gcc -v >&5
Configured with: --prefix=/Applications/Xcode.app/Contents/Developer/usr --with-gxx-include-dir=/usr/include/c++/4.2.1
Apple LLVM version 7.3.0 (clang-703.0.29)
Target: x86_64-apple-darwin15.4.0
Thread model: posix
InstalledDir: /Applications/Xcode.app/Contents/Developer/Toolchains/XcodeDefault.xctoolchain/usr/bin
configure:3759: $? = 0
configure:3748: gcc -V >&5
clang: error: argument to '-V' is missing (expected 1 value)
clang: error: no input files
configure:3759: $? = 1
configure:3748: gcc -qversion >&5
clang: error: unknown argument: '-qversion'
clang: error: no input files
configure:3759: $? = 1
configure:3779: checking whether the C compiler works
configure:3801: gcc -O3 -g   conftest.c  >&5
configure:3805: $? = 0
configure:3853: result: yes
configure:3856: checking for C compiler default output file name
configure:3858: result: a.out
configure:3864: checking for suffix of executables
configure:3871: gcc -o conftest -O3 -g   conftest.c  >&5
configure:3875: $? = 0
configure:3897: result: 
configure:3919: checking whether we are cross compiling
configure:3927: gcc -o conftest -O3 -g   conftest.c  >&5
configure:3931: $? = 0
configure:3938: ./conftest
configure:3942: $? = 0
configure:3957: result: no
configure:3962: checking for suffix of object files
configure:3984: gcc -c -O3 -g  conftest.c >&5
configure:3988: $? = 0
configure:4009: result: o
configure:4013: checking whether we are using the GNU C compiler
configure:4032: gcc -c -O3 -g  conftest.c >&5
configure:4032: $? = 0
configure:4041: result: yes
configure:4050: checking whether gcc accepts -g
configure:4070: gcc -c -g  conftest.c >&5
configure:4070: $? = 0
configure:4111: result: yes
configure:4128: checking for gcc option to accept ISO C89
configure:4191: gcc  -c -O3 -g  conftest.c >&5
configure:4191: $? = 0
configure:4204: result: none needed
configure:4229: checking whether gcc understands -c and -o together
configure:4251: gcc -c conftest.c -o conftest2.o
configure:4254: $? = 0
configure:4251: gcc -c conftest.c -o conftest2.o
configure:4254: $? = 0
configure:4266: result: yes
configure:4285: checking dependency style of gcc
configure:4396: result: gcc3
configure:4417: checking how to run the C preprocessor
configure:4448: gcc -E  conftest.c
configure:4448: $? = 0
configure:4462: gcc -E  conftest.c
conftest.c:11:10: fatal error: 'ac_nonexistent.h' file not found
#include <ac_nonexistent.h>
         ^
1 error generated.
configure:4462: $? = 1
configure: failed program was:
| /* confdefs.h */
| #define PACKAGE_NAME "WiredTiger"
| #define PACKAGE_TARNAME "wiredtiger"
| #define PACKAGE_VERSION "2.8.0"
| #define PACKAGE_STRING "WiredTiger 2.8.0"
| #define PACKAGE_BUGREPORT "support@wiredtiger.com"
| #define PACKAGE_URL ""
| #define PACKAGE "wiredtiger"
| #define VERSION "2.8.0"
| /* end confdefs.h.  */
| #include <ac_nonexistent.h>
configure:4487: result: gcc -E
configure:4507: gcc -E  conftest.c
configure:4507: $? = 0
configure:4521: gcc -E  conftest.c
conftest.c:11:10: fatal error: 'ac_nonexistent.h' file not found
#include <ac_nonexistent.h>
         ^
1 error generated.
configure:4521: $? = 1
configure: failed program was:
| /* confdefs.h */
| #define PACKAGE_NAME "WiredTiger"
| #define PACKAGE_TARNAME "wiredtiger"
| #define PACKAGE_VERSION "2.8.0"
| #define PACKAGE_STRING "WiredTiger 2.8.0"
| #define PACKAGE_BUGREPORT "support@wiredtiger.com"
| #define PACKAGE_URL ""
| #define PACKAGE "wiredtiger"
| #define VERSION "2.8.0"
| /* end confdefs.h.  */
| #include <ac_nonexistent.h>
configure:4550: checking for grep that handles long lines and -e
configure:4608: result: /usr/bin/grep
configure:4613: checking for egrep
configure:4675: result: /usr/bin/grep -E
configure:4680: checking for ANSI C header files
configure:4700: gcc -c -O3 -g  conftest.c >&5
configure:4700: $? = 0
configure:4773: gcc -o conftest -O3 -g   conftest.c  >&5
configure:4773: $? = 0
configure:4773: ./conftest
configure:4773: $? = 0
configure:4784: result: yes
configure:4797: checking for sys/types.h
configure:4797: gcc -c -O3 -g  conftest.c >&5
configure:4797: $? = 0
configure:4797: result: yes
configure:4797: checking for sys/stat.h
configure:4797: gcc -c -O3 -g  conftest.c >&5
configure:4797: $? = 0
configure:4797: result: yes
configure:4797: checking for stdlib.h
configure:4797: gcc -c -O3 -g  conftest.c >&5
configure:4797: $? = 0
configure:4797: result: yes
configure:4797: checking for string.h
configure:4797: gcc -c -O3 -g  conftest.c >&5
configure:4797: $? = 0
configure:4797: result: yes
configure:4797: checking for memory.h
configure:4797: gcc -c -O3 -g  conftest.c >&5
configure:4797: $? = 0
configure:4797: result: yes
configure:4797: checking for strings.h
configure:4797: gcc -c -O3 -g  conftest.c >&5
configure:4797: $? = 0
configure:4797: result: yes
configure:4797: checking for inttypes.h
configure:4797: gcc -c -O3 -g  conftest.c >&5
configure:4797: $? = 0
configure:4797: result: yes
configure:4797: checking for stdint.h
configure:4797: gcc -c -O3 -g  conftest.c >&5
configure:4797: $? = 0
configure:4797: result: yes
configure:4797: checking for unistd.h
configure:4797: gcc -c -O3 -g  conftest.c >&5
configure:4797: $? = 0
configure:4797: result: yes
configure:4812: checking if --enable-attach option specified
configure:4827: result: no
configure:4833: checking if --with-builtins option specified
configure:4884: result: 
configure:4888: checking if --enable-diagnostic option specified
configure:4903: result: no
configure:4906: checking if --enable-java option specified
configure:4922: result: yes
configure:4933: checking if --enable-leveldb option specified
configure:4970: result: no
configure:5005: checking if --enable-python option specified
configure:5021: result: no
configure:5032: checking if --with-python-prefix option specified
configure:5040: result: 
configure:5043: checking if --enable-snappy option specified
configure:5064: result: no
configure:5132: checking if --enable-lz4 option specified
configure:5153: result: no
configure:5221: checking if --enable-tcmalloc option specified
configure:5234: result: no
configure:5303: checking if --with-spinlock option specified
configure:5324: result: pthread
configure:5328: checking if --enable-verbose option specified
configure:5343: result: no
configure:5346: checking if --enable-zlib option specified
configure:5367: result: no
configure:5467: checking build system type
configure:5481: result: x86_64-apple-darwin15.4.0
configure:5501: checking host system type
configure:5514: result: x86_64-apple-darwin15.4.0
configure:5555: checking how to print strings
configure:5582: result: printf
configure:5603: checking for a sed that does not truncate output
configure:5667: result: /usr/bin/sed
configure:5685: checking for fgrep
configure:5747: result: /usr/bin/grep -F
configure:5782: checking for ld used by gcc
configure:5849: result: /Applications/Xcode.app/Contents/Developer/Toolchains/XcodeDefault.xctoolchain/usr/bin/ld
configure:5856: checking if the linker (/Applications/Xcode.app/Contents/Developer/Toolchains/XcodeDefault.xctoolchain/usr/bin/ld) is GNU ld
configure:5871: result: no
configure:5883: checking for BSD- or MS-compatible name lister (nm)
configure:5932: result: /usr/bin/nm -B
configure:6062: checking the name lister (/usr/bin/nm -B) interface
configure:6069: gcc -c -O3 -g  conftest.c >&5
configure:6072: /usr/bin/nm -B "conftest.o"
configure:6075: output
00000000000001fc S _some_variable
configure:6082: result: BSD nm
configure:6085: checking whether ln -s works
configure:6089: result: yes
configure:6097: checking the maximum length of command line arguments
configure:6227: result: 196608
configure:6244: checking whether the shell understands some XSI constructs
configure:6254: result: yes
configure:6258: checking whether the shell understands "+="
configure:6264: result: yes
configure:6299: checking how to convert x86_64-apple-darwin15.4.0 file names to x86_64-apple-darwin15.4.0 format
configure:6339: result: func_convert_file_noop
configure:6346: checking how to convert x86_64-apple-darwin15.4.0 file names to toolchain format
configure:6366: result: func_convert_file_noop
configure:6373: checking for /Applications/Xcode.app/Contents/Developer/Toolchains/XcodeDefault.xctoolchain/usr/bin/ld option to reload object files
configure:6380: result: -r
configure:6454: checking for objdump
configure:6484: result: no
configure:6513: checking how to recognize dependent libraries
configure:6715: result: pass_all
configure:6800: checking for dlltool
configure:6830: result: no
configure:6860: checking how to associate runtime and link libraries
configure:6887: result: printf %s\n
configure:6947: checking for ar
configure:6963: found /usr/bin/ar
configure:6974: result: ar
configure:7011: checking for archiver @FILE support
configure:7028: gcc -c -O3 -g  conftest.c >&5
configure:7028: $? = 0
configure:7031: ar cru libconftest.a @conftest.lst >&5
ar: @conftest.lst: No such file or directory
configure:7034: $? = 1
configure:7054: result: no
configure:7112: checking for strip
configure:7128: found /usr/bin/strip
configure:7139: result: strip
configure:7211: checking for ranlib
configure:7227: found /usr/bin/ranlib
configure:7238: result: ranlib
configure:7340: checking command to parse /usr/bin/nm -B output from gcc object
configure:7460: gcc -c -O3 -g  conftest.c >&5
configure:7463: $? = 0
configure:7467: /usr/bin/nm -B conftest.o \| sed -n -e 's/^.*[ ]\([BCDEGRST][BCDEGRST]*\)[ ][ ]*\([_A-Za-z][_A-Za-z0-9]*\)$/\1 \2 \2/p' | sed '/ __gnu_lto/d' \> conftest.nm
configure:7470: $? = 0
cannot find nm_test_var in conftest.nm
configure:7460: gcc -c -O3 -g  conftest.c >&5
configure:7463: $? = 0
configure:7467: /usr/bin/nm -B conftest.o \| sed -n -e 's/^.*[ ]\([BCDEGRST][BCDEGRST]*\)[ ][ ]*_\([_A-Za-z][_A-Za-z0-9]*\)$/\1 _\2 \2/p' | sed '/ __gnu_lto/d' \> conftest.nm
configure:7470: $? = 0
configure:7536: gcc -o conftest -O3 -g   conftest.c conftstm.o >&5
warning: (x86_64)  could not find object file symbol for symbol _main
configure:7539: $? = 0
configure:7577: result: ok
configure:7614: checking for sysroot
configure:7644: result: no
configure:7906: checking for mt
configure:7936: result: no
configure:7956: checking if : is a manifest tool
configure:7962: : '-?'
configure:7970: result: no
configure:8026: checking for dsymutil
configure:8042: found /usr/bin/dsymutil
configure:8053: result: dsymutil
configure:8118: checking for nmedit
configure:8134: found /usr/bin/nmedit
configure:8145: result: nmedit
configure:8210: checking for lipo
configure:8226: found /usr/bin/lipo
configure:8237: result: lipo
configure:8302: checking for otool
configure:8318: found /usr/bin/otool
configure:8329: result: otool
configure:8394: checking for otool64
configure:8424: result: no
configure:8469: checking for -single_module linker flag
gcc -O3 -g  -o libconftest.dylib -dynamiclib -Wl,-single_module conftest.c
configure:8502: result: yes
configure:8505: checking for -exported_symbols_list linker flag
configure:8525: gcc -o conftest -O3 -g   -Wl,-exported_symbols_list,conftest.sym conftest.c  >&5
configure:8525: $? = 0
configure:8535: result: yes
configure:8538: checking for -force_load linker flag
gcc -O3 -g -c -o conftest.o conftest.c
ar cru libconftest.a conftest.o
ranlib libconftest.a
gcc -O3 -g  -o conftest conftest.c -Wl,-force_load,./libconftest.a
configure:8570: result: yes
configure:8609: checking for dlfcn.h
configure:8609: gcc -c -O3 -g  conftest.c >&5
configure:8609: $? = 0
configure:8609: result: yes
configure:8814: checking for objdir
configure:8829: result: .libs
configure:9100: checking if gcc supports -fno-rtti -fno-exceptions
configure:9118: gcc -c -O3 -g  -fno-rtti -fno-exceptions conftest.c >&5
configure:9122: $? = 0
configure:9135: result: yes
configure:9462: checking for gcc option to produce PIC
configure:9469: result: -fno-common -DPIC
configure:9477: checking if gcc PIC flag -fno-common -DPIC works
configure:9495: gcc -c -O3 -g  -fno-common -DPIC -DPIC conftest.c >&5
configure:9499: $? = 0
configure:9512: result: yes
configure:9541: checking if gcc static flag -static works
configure:9569: result: no
configure:9584: checking if gcc supports -c -o file.o
configure:9605: gcc -c -O3 -g  -o out/conftest2.o conftest.c >&5
configure:9609: $? = 0
configure:9631: result: yes
configure:9639: checking if gcc supports -c -o file.o
configure:9686: result: yes
configure:9719: checking whether the gcc linker (/Applications/Xcode.app/Contents/Developer/Toolchains/XcodeDefault.xctoolchain/usr/bin/ld) supports shared libraries
configure:10872: result: yes
configure:11112: checking dynamic linker characteristics
configure:11849: result: darwin15.4.0 dyld
configure:11956: checking how to hardcode library paths into programs
configure:11981: result: immediate
configure:12521: checking whether stripping libraries is possible
configure:12535: result: yes
configure:12561: checking if libtool supports shared libraries
configure:12563: result: yes
configure:12566: checking whether to build shared libraries
configure:12587: result: yes
configure:12590: checking whether to build static libraries
configure:12594: result: yes
configure:12745: checking for C compiler version
configure:12754: gcc --version >&5
Apple LLVM version 7.3.0 (clang-703.0.29)
Target: x86_64-apple-darwin15.4.0
Thread model: posix
InstalledDir: /Applications/Xcode.app/Contents/Developer/Toolchains/XcodeDefault.xctoolchain/usr/bin
Configured with: --prefix=/Applications/Xcode.app/Contents/Developer/usr --with-gxx-include-dir=/usr/include/c++/4.2.1
configure:12765: $? = 0
configure:12754: gcc -v >&5
Configured with: --prefix=/Applications/Xcode.app/Contents/Developer/usr --with-gxx-include-dir=/usr/include/c++/4.2.1
Apple LLVM version 7.3.0 (clang-703.0.29)
Target: x86_64-apple-darwin15.4.0
Thread model: posix
InstalledDir: /Applications/Xcode.app/Contents/Developer/Toolchains/XcodeDefault.xctoolchain/usr/bin
configure:12765: $? = 0
configure:12754: gcc -V >&5
clang: error: argument to '-V' is missing (expected 1 value)
clang: error: no input files
configure:12765: $? = 1
configure:12754: gcc -qversion >&5
clang: error: unknown argument: '-qversion'
clang: error: no input files
configure:12765: $? = 1
configure:12769: checking whether we are using the GNU C compiler
configure:12797: result: yes
configure:12806: checking whether gcc accepts -g
configure:12867: result: yes
configure:12884: checking for gcc option to accept ISO C89
configure:12960: result: none needed
configure:12985: checking whether gcc understands -c and -o together
configure:13022: result: yes
configure:13041: checking dependency style of gcc
configure:13152: result: gcc3
configure:13225: checking for c++
configure:13241: found /usr/bin/c++
configure:13252: result: c++
configure:13279: checking for C++ compiler version
configure:13288: c++ --version >&5
Apple LLVM version 7.3.0 (clang-703.0.29)
Target: x86_64-apple-darwin15.4.0
Thread model: posix
InstalledDir: /Applications/Xcode.app/Contents/Developer/Toolchains/XcodeDefault.xctoolchain/usr/bin
configure:13299: $? = 0
configure:13288: c++ -v >&5
Apple LLVM version 7.3.0 (clang-703.0.29)
Target: x86_64-apple-darwin15.4.0
Thread model: posix
InstalledDir: /Applications/Xcode.app/Contents/Developer/Toolchains/XcodeDefault.xctoolchain/usr/bin
configure:13299: $? = 0
configure:13288: c++ -V >&5
clang: error: argument to '-V' is missing (expected 1 value)
clang: error: no input files
configure:13299: $? = 1
configure:13288: c++ -qversion >&5
clang: error: unknown argument: '-qversion'
clang: error: no input files
configure:13299: $? = 1
configure:13303: checking whether we are using the GNU C++ compiler
configure:13322: c++ -c -O3 -g  conftest.cpp >&5
configure:13322: $? = 0
configure:13331: result: yes
configure:13340: checking whether c++ accepts -g
configure:13360: c++ -c -g  conftest.cpp >&5
configure:13360: $? = 0
configure:13401: result: yes
configure:13426: checking dependency style of c++
configure:13537: result: gcc3
configure:13570: checking how to run the C++ preprocessor
configure:13597: c++ -E  conftest.cpp
configure:13597: $? = 0
configure:13611: c++ -E  conftest.cpp
conftest.cpp:24:10: fatal error: 'ac_nonexistent.h' file not found
#include <ac_nonexistent.h>
         ^
1 error generated.
configure:13611: $? = 1
configure: failed program was:
| /* confdefs.h */
| #define PACKAGE_NAME "WiredTiger"
| #define PACKAGE_TARNAME "wiredtiger"
| #define PACKAGE_VERSION "2.8.0"
| #define PACKAGE_STRING "WiredTiger 2.8.0"
| #define PACKAGE_BUGREPORT "support@wiredtiger.com"
| #define PACKAGE_URL ""
| #define PACKAGE "wiredtiger"
| #define VERSION "2.8.0"
| #define STDC_HEADERS 1
| #define HAVE_SYS_TYPES_H 1
| #define HAVE_SYS_STAT_H 1
| #define HAVE_STDLIB_H 1
| #define HAVE_STRING_H 1
| #define HAVE_MEMORY_H 1
| #define HAVE_STRINGS_H 1
| #define HAVE_INTTYPES_H 1
| #define HAVE_STDINT_H 1
| #define HAVE_UNISTD_H 1
| #define SPINLOCK_TYPE SPINLOCK_PTHREAD_MUTEX
| #define HAVE_DLFCN_H 1
| #define LT_OBJDIR ".libs/"
| /* end confdefs.h.  */
| #include <ac_nonexistent.h>
configure:13636: result: c++ -E
configure:13656: c++ -E  conftest.cpp
configure:13656: $? = 0
configure:13670: c++ -E  conftest.cpp
conftest.cpp:24:10: fatal error: 'ac_nonexistent.h' file not found
#include <ac_nonexistent.h>
         ^
1 error generated.
configure:13670: $? = 1
configure: failed program was:
| /* confdefs.h */
| #define PACKAGE_NAME "WiredTiger"
| #define PACKAGE_TARNAME "wiredtiger"
| #define PACKAGE_VERSION "2.8.0"
| #define PACKAGE_STRING "WiredTiger 2.8.0"
| #define PACKAGE_BUGREPORT "support@wiredtiger.com"
| #define PACKAGE_URL ""
| #define PACKAGE "wiredtiger"
| #define VERSION "2.8.0"
| #define STDC_HEADERS 1
| #define HAVE_SYS_TYPES_H 1
| #define HAVE_SYS_STAT_H 1
| #define HAVE_STDLIB_H 1
| #define HAVE_STRING_H 1
| #define HAVE_MEMORY_H 1
| #define HAVE_STRINGS_H 1
| #define HAVE_INTTYPES_H 1
| #define HAVE_STDINT_H 1
| #define HAVE_UNISTD_H 1
| #define SPINLOCK_TYPE SPINLOCK_PTHREAD_MUTEX
| #define HAVE_DLFCN_H 1
| #define LT_OBJDIR ".libs/"
| /* end confdefs.h.  */
| #include <ac_nonexistent.h>
configure:13839: checking for ld used by c++
configure:13906: result: /Applications/Xcode.app/Contents/Developer/Toolchains/XcodeDefault.xctoolchain/usr/bin/ld
configure:13913: checking if the linker (/Applications/Xcode.app/Contents/Developer/Toolchains/XcodeDefault.xctoolchain/usr/bin/ld) is GNU ld
configure:13928: result: no
configure:13983: checking whether the c++ linker (/Applications/Xcode.app/Contents/Developer/Toolchains/XcodeDefault.xctoolchain/usr/bin/ld) supports shared libraries
configure:14988: result: yes
configure:15024: c++ -c -O3 -g  conftest.cpp >&5
configure:15027: $? = 0
configure:15547: checking for c++ option to produce PIC
configure:15554: result: -fno-common -DPIC
configure:15562: checking if c++ PIC flag -fno-common -DPIC works
configure:15580: c++ -c -O3 -g  -fno-common -DPIC -DPIC conftest.cpp >&5
configure:15584: $? = 0
configure:15597: result: yes
configure:15620: checking if c++ static flag -static works
configure:15648: result: no
configure:15660: checking if c++ supports -c -o file.o
configure:15681: c++ -c -O3 -g  -o out/conftest2.o conftest.cpp >&5
configure:15685: $? = 0
configure:15707: result: yes
configure:15712: checking if c++ supports -c -o file.o
configure:15759: result: yes
configure:15789: checking whether the c++ linker (/Applications/Xcode.app/Contents/Developer/Toolchains/XcodeDefault.xctoolchain/usr/bin/ld) supports shared libraries
configure:15825: result: yes
configure:15966: checking dynamic linker characteristics
configure:16637: result: darwin15.4.0 dyld
configure:16690: checking how to hardcode library paths into programs
configure:16715: result: immediate
configure:16764: checking dependency style of gcc
configure:16873: result: gcc3
configure:16930: checking for swig2.0
configure:16963: result: no
configure:16930: checking for swig
configure:16963: result: no
configure:16972: WARNING: SWIG is required to rebuild Java or Python APIs.
configure:17140: checking if javac works
configure:17154: javac  Test.java
configure:17157: $? = 0
configure:17168: result: yes
configure:17179: checking for jar
configure:17195: found /usr/bin/jar
configure:17206: result: jar
configure:17343: _JTOPDIR=/Library/Java/JavaVirtualMachines/jdk1.7.0_79.jdk/Contents
configure:17344: _JINC=/Library/Java/JavaVirtualMachines/jdk1.7.0_79.jdk/Contents/Headers
configure:17371: checking /Library/Java/JavaVirtualMachines/jdk1.7.0_79.jdk/Contents/Headers/jni.h usability
configure:17371: gcc -c -O3 -g  conftest.c >&5
conftest.c:57:10: fatal error: '/Library/Java/JavaVirtualMachines/jdk1.7.0_79.jdk/Contents/Headers/jni.h' file not found
#include </Library/Java/JavaVirtualMachines/jdk1.7.0_79.jdk/Contents/Headers/jni.h>
         ^
1 error generated.
configure:17371: $? = 1
configure: failed program was:
| /* confdefs.h */
| #define PACKAGE_NAME "WiredTiger"
| #define PACKAGE_TARNAME "wiredtiger"
| #define PACKAGE_VERSION "2.8.0"
| #define PACKAGE_STRING "WiredTiger 2.8.0"
| #define PACKAGE_BUGREPORT "support@wiredtiger.com"
| #define PACKAGE_URL ""
| #define PACKAGE "wiredtiger"
| #define VERSION "2.8.0"
| #define STDC_HEADERS 1
| #define HAVE_SYS_TYPES_H 1
| #define HAVE_SYS_STAT_H 1
| #define HAVE_STDLIB_H 1
| #define HAVE_STRING_H 1
| #define HAVE_MEMORY_H 1
| #define HAVE_STRINGS_H 1
| #define HAVE_INTTYPES_H 1
| #define HAVE_STDINT_H 1
| #define HAVE_UNISTD_H 1
| #define SPINLOCK_TYPE SPINLOCK_PTHREAD_MUTEX
| #define HAVE_DLFCN_H 1
| #define LT_OBJDIR ".libs/"
| /* end confdefs.h.  */
| #include <stdio.h>
| #ifdef HAVE_SYS_TYPES_H
| # include <sys/types.h>
| #endif
| #ifdef HAVE_SYS_STAT_H
| # include <sys/stat.h>
| #endif
| #ifdef STDC_HEADERS
| # include <stdlib.h>
| # include <stddef.h>
| #else
| # ifdef HAVE_STDLIB_H
| #  include <stdlib.h>
| # endif
| #endif
| #ifdef HAVE_STRING_H
| # if !defined STDC_HEADERS && defined HAVE_MEMORY_H
| #  include <memory.h>
| # endif
| # include <string.h>
| #endif
| #ifdef HAVE_STRINGS_H
| # include <strings.h>
| #endif
| #ifdef HAVE_INTTYPES_H
| # include <inttypes.h>
| #endif
| #ifdef HAVE_STDINT_H
| # include <stdint.h>
| #endif
| #ifdef HAVE_UNISTD_H
| # include <unistd.h>
| #endif
| #include </Library/Java/JavaVirtualMachines/jdk1.7.0_79.jdk/Contents/Headers/jni.h>
configure:17371: result: no
configure:17371: checking /Library/Java/JavaVirtualMachines/jdk1.7.0_79.jdk/Contents/Headers/jni.h presence
configure:17371: gcc -E  conftest.c
conftest.c:24:10: fatal error: '/Library/Java/JavaVirtualMachines/jdk1.7.0_79.jdk/Contents/Headers/jni.h' file not found
#include </Library/Java/JavaVirtualMachines/jdk1.7.0_79.jdk/Contents/Headers/jni.h>
         ^
1 error generated.
configure:17371: $? = 1
configure: failed program was:
| /* confdefs.h */
| #define PACKAGE_NAME "WiredTiger"
| #define PACKAGE_TARNAME "wiredtiger"
| #define PACKAGE_VERSION "2.8.0"
| #define PACKAGE_STRING "WiredTiger 2.8.0"
| #define PACKAGE_BUGREPORT "support@wiredtiger.com"
| #define PACKAGE_URL ""
| #define PACKAGE "wiredtiger"
| #define VERSION "2.8.0"
| #define STDC_HEADERS 1
| #define HAVE_SYS_TYPES_H 1
| #define HAVE_SYS_STAT_H 1
| #define HAVE_STDLIB_H 1
| #define HAVE_STRING_H 1
| #define HAVE_MEMORY_H 1
| #define HAVE_STRINGS_H 1
| #define HAVE_INTTYPES_H 1
| #define HAVE_STDINT_H 1
| #define HAVE_UNISTD_H 1
| #define SPINLOCK_TYPE SPINLOCK_PTHREAD_MUTEX
| #define HAVE_DLFCN_H 1
| #define LT_OBJDIR ".libs/"
| /* end confdefs.h.  */
| #include </Library/Java/JavaVirtualMachines/jdk1.7.0_79.jdk/Contents/Headers/jni.h>
configure:17371: result: no
configure:17371: checking for /Library/Java/JavaVirtualMachines/jdk1.7.0_79.jdk/Contents/Headers/jni.h
configure:17371: result: no
configure:17371: checking /Library/Java/JavaVirtualMachines/jdk1.7.0_79.jdk/include/jni.h usability
configure:17371: gcc -c -O3 -g  conftest.c >&5
conftest.c:57:10: fatal error: '/Library/Java/JavaVirtualMachines/jdk1.7.0_79.jdk/include/jni.h' file not found
#include </Library/Java/JavaVirtualMachines/jdk1.7.0_79.jdk/include/jni.h>
         ^
1 error generated.
configure:17371: $? = 1
configure: failed program was:
| /* confdefs.h */
| #define PACKAGE_NAME "WiredTiger"
| #define PACKAGE_TARNAME "wiredtiger"
| #define PACKAGE_VERSION "2.8.0"
| #define PACKAGE_STRING "WiredTiger 2.8.0"
| #define PACKAGE_BUGREPORT "support@wiredtiger.com"
| #define PACKAGE_URL ""
| #define PACKAGE "wiredtiger"
| #define VERSION "2.8.0"
| #define STDC_HEADERS 1
| #define HAVE_SYS_TYPES_H 1
| #define HAVE_SYS_STAT_H 1
| #define HAVE_STDLIB_H 1
| #define HAVE_STRING_H 1
| #define HAVE_MEMORY_H 1
| #define HAVE_STRINGS_H 1
| #define HAVE_INTTYPES_H 1
| #define HAVE_STDINT_H 1
| #define HAVE_UNISTD_H 1
| #define SPINLOCK_TYPE SPINLOCK_PTHREAD_MUTEX
| #define HAVE_DLFCN_H 1
| #define LT_OBJDIR ".libs/"
| /* end confdefs.h.  */
| #include <stdio.h>
| #ifdef HAVE_SYS_TYPES_H
| # include <sys/types.h>
| #endif
| #ifdef HAVE_SYS_STAT_H
| # include <sys/stat.h>
| #endif
| #ifdef STDC_HEADERS
| # include <stdlib.h>
| # include <stddef.h>
| #else
| # ifdef HAVE_STDLIB_H
| #  include <stdlib.h>
| # endif
| #endif
| #ifdef HAVE_STRING_H
| # if !defined STDC_HEADERS && defined HAVE_MEMORY_H
| #  include <memory.h>
| # endif
| # include <string.h>
| #endif
| #ifdef HAVE_STRINGS_H
| # include <strings.h>
| #endif
| #ifdef HAVE_INTTYPES_H
| # include <inttypes.h>
| #endif
| #ifdef HAVE_STDINT_H
| # include <stdint.h>
| #endif
| #ifdef HAVE_UNISTD_H
| # include <unistd.h>
| #endif
| #include </Library/Java/JavaVirtualMachines/jdk1.7.0_79.jdk/include/jni.h>
configure:17371: result: no
configure:17371: checking /Library/Java/JavaVirtualMachines/jdk1.7.0_79.jdk/include/jni.h presence
configure:17371: gcc -E  conftest.c
conftest.c:24:10: fatal error: '/Library/Java/JavaVirtualMachines/jdk1.7.0_79.jdk/include/jni.h' file not found
#include </Library/Java/JavaVirtualMachines/jdk1.7.0_79.jdk/include/jni.h>
         ^
1 error generated.
configure:17371: $? = 1
configure: failed program was:
| /* confdefs.h */
| #define PACKAGE_NAME "WiredTiger"
| #define PACKAGE_TARNAME "wiredtiger"
| #define PACKAGE_VERSION "2.8.0"
| #define PACKAGE_STRING "WiredTiger 2.8.0"
| #define PACKAGE_BUGREPORT "support@wiredtiger.com"
| #define PACKAGE_URL ""
| #define PACKAGE "wiredtiger"
| #define VERSION "2.8.0"
| #define STDC_HEADERS 1
| #define HAVE_SYS_TYPES_H 1
| #define HAVE_SYS_STAT_H 1
| #define HAVE_STDLIB_H 1
| #define HAVE_STRING_H 1
| #define HAVE_MEMORY_H 1
| #define HAVE_STRINGS_H 1
| #define HAVE_INTTYPES_H 1
| #define HAVE_STDINT_H 1
| #define HAVE_UNISTD_H 1
| #define SPINLOCK_TYPE SPINLOCK_PTHREAD_MUTEX
| #define HAVE_DLFCN_H 1
| #define LT_OBJDIR ".libs/"
| /* end confdefs.h.  */
| #include </Library/Java/JavaVirtualMachines/jdk1.7.0_79.jdk/include/jni.h>
configure:17371: result: no
configure:17371: checking for /Library/Java/JavaVirtualMachines/jdk1.7.0_79.jdk/include/jni.h
configure:17371: result: no
configure:17381: error: cannot find JDK header files

## ---------------- ##
## Cache variables. ##
## ---------------- ##

ac_cv_build=x86_64-apple-darwin15.4.0
ac_cv_c_compiler_gnu=yes
ac_cv_cxx_compiler_gnu=yes
ac_cv_env_CCASFLAGS_set=
ac_cv_env_CCASFLAGS_value=
ac_cv_env_CCAS_set=
ac_cv_env_CCAS_value=
ac_cv_env_CCC_set=
ac_cv_env_CCC_value=
ac_cv_env_CC_set=
ac_cv_env_CC_value=
ac_cv_env_CFLAGS_set=
ac_cv_env_CFLAGS_value=
ac_cv_env_CPPFLAGS_set=
ac_cv_env_CPPFLAGS_value=
ac_cv_env_CPP_set=
ac_cv_env_CPP_value=
ac_cv_env_CXXCPP_set=
ac_cv_env_CXXCPP_value=
ac_cv_env_CXXFLAGS_set=
ac_cv_env_CXXFLAGS_value=
ac_cv_env_CXX_set=
ac_cv_env_CXX_value=
ac_cv_env_LDFLAGS_set=
ac_cv_env_LDFLAGS_value=
ac_cv_env_LIBS_set=
ac_cv_env_LIBS_value=
ac_cv_env_PYTHON_set=
ac_cv_env_PYTHON_value=
ac_cv_env_build_alias_set=
ac_cv_env_build_alias_value=
ac_cv_env_host_alias_set=
ac_cv_env_host_alias_value=
ac_cv_env_target_alias_set=
ac_cv_env_target_alias_value=
ac_cv_header__Library_Java_JavaVirtualMachines_jdk1_7_0_79_jdk_Contents_Headers_jni_h=no
ac_cv_header__Library_Java_JavaVirtualMachines_jdk1_7_0_79_jdk_include_jni_h=no
ac_cv_header_dlfcn_h=yes
ac_cv_header_inttypes_h=yes
ac_cv_header_memory_h=yes
ac_cv_header_stdc=yes
ac_cv_header_stdint_h=yes
ac_cv_header_stdlib_h=yes
ac_cv_header_string_h=yes
ac_cv_header_strings_h=yes
ac_cv_header_sys_stat_h=yes
ac_cv_header_sys_types_h=yes
ac_cv_header_unistd_h=yes
ac_cv_host=x86_64-apple-darwin15.4.0
ac_cv_objext=o
ac_cv_path_EGREP='/usr/bin/grep -E'
ac_cv_path_FGREP='/usr/bin/grep -F'
ac_cv_path_GREP=/usr/bin/grep
ac_cv_path_SED=/usr/bin/sed
ac_cv_path_install='/usr/bin/install -c'
ac_cv_prog_AWK=awk
ac_cv_prog_CPP='gcc -E'
ac_cv_prog_CXXCPP='c++ -E'
ac_cv_prog_JAR=jar
ac_cv_prog_ac_ct_AR=ar
ac_cv_prog_ac_ct_CC=gcc
ac_cv_prog_ac_ct_CXX=c++
ac_cv_prog_ac_ct_DSYMUTIL=dsymutil
ac_cv_prog_ac_ct_LIPO=lipo
ac_cv_prog_ac_ct_NMEDIT=nmedit
ac_cv_prog_ac_ct_OTOOL=otool
ac_cv_prog_ac_ct_RANLIB=ranlib
ac_cv_prog_ac_ct_STRIP=strip
ac_cv_prog_cc_c89=
ac_cv_prog_cc_g=yes
ac_cv_prog_cxx_g=yes
ac_cv_prog_javac_works=yes
ac_cv_prog_make_make_set=yes
am_cv_CCAS_dependencies_compiler_type=gcc3
am_cv_CC_dependencies_compiler_type=gcc3
am_cv_CXX_dependencies_compiler_type=gcc3
am_cv_make_support_nested_variables=yes
am_cv_prog_cc_c_o=yes
lt_cv_apple_cc_single_mod=yes
lt_cv_ar_at_file=no
lt_cv_deplibs_check_method=pass_all
lt_cv_file_magic_cmd='$MAGIC_CMD'
lt_cv_file_magic_test_file=
lt_cv_ld_exported_symbols_list=yes
lt_cv_ld_force_load=yes
lt_cv_ld_reload_flag=-r
lt_cv_nm_interface='BSD nm'
lt_cv_objdir=.libs
lt_cv_path_LD=/Applications/Xcode.app/Contents/Developer/Toolchains/XcodeDefault.xctoolchain/usr/bin/ld
lt_cv_path_LDCXX=/Applications/Xcode.app/Contents/Developer/Toolchains/XcodeDefault.xctoolchain/usr/bin/ld
lt_cv_path_NM='/usr/bin/nm -B'
lt_cv_path_mainfest_tool=no
lt_cv_prog_compiler_c_o=yes
lt_cv_prog_compiler_c_o_CXX=yes
lt_cv_prog_compiler_pic='-fno-common -DPIC'
lt_cv_prog_compiler_pic_CXX='-fno-common -DPIC'
lt_cv_prog_compiler_pic_works=yes
lt_cv_prog_compiler_pic_works_CXX=yes
lt_cv_prog_compiler_rtti_exceptions=yes
lt_cv_prog_compiler_static_works=no
lt_cv_prog_compiler_static_works_CXX=no
lt_cv_prog_gnu_ld=no
lt_cv_prog_gnu_ldcxx=no
lt_cv_sharedlib_from_linklib_cmd='printf %s\n'
lt_cv_sys_global_symbol_pipe='sed -n -e '\''s/^.*[	 ]\([BCDEGRST][BCDEGRST]*\)[	 ][	 ]*_\([_A-Za-z][_A-Za-z0-9]*\)$/\1 _\2 \2/p'\'' | sed '\''/ __gnu_lto/d'\'''
lt_cv_sys_global_symbol_to_c_name_address='sed -n -e '\''s/^: \([^ ]*\)[ ]*$/  {\"\1\", (void *) 0},/p'\'' -e '\''s/^[BCDEGRST]* \([^ ]*\) \([^ ]*\)$/  {"\2", (void *) \&\2},/p'\'''
lt_cv_sys_global_symbol_to_c_name_address_lib_prefix='sed -n -e '\''s/^: \([^ ]*\)[ ]*$/  {\"\1\", (void *) 0},/p'\'' -e '\''s/^[BCDEGRST]* \([^ ]*\) \(lib[^ ]*\)$/  {"\2", (void *) \&\2},/p'\'' -e '\''s/^[BCDEGRST]* \([^ ]*\) \([^ ]*\)$/  {"lib\2", (void *) \&\2},/p'\'''
lt_cv_sys_global_symbol_to_cdecl='sed -n -e '\''s/^T .* \(.*\)$/extern int \1();/p'\'' -e '\''s/^[BCDEGRST]* .* \(.*\)$/extern char \1;/p'\'''
lt_cv_sys_max_cmd_len=196608
lt_cv_to_host_file_cmd=func_convert_file_noop
lt_cv_to_tool_file_cmd=func_convert_file_noop
wt_cv_enable_attach=no
wt_cv_enable_basholeveldb=no
wt_cv_enable_diagnostic=no
wt_cv_enable_hyperleveldb=no
wt_cv_enable_java=yes
wt_cv_enable_leveldb=no
wt_cv_enable_lz4=no
wt_cv_enable_python=no
wt_cv_enable_rocksdb=no
wt_cv_enable_snappy=no
wt_cv_enable_tcmalloc=no
wt_cv_enable_verbose=no
wt_cv_enable_zlib=no

## ----------------- ##
## Output variables. ##
## ----------------- ##

ACLOCAL='${SHELL} /Users/jesus.navarrete/sciodb/wiredtiger_2_8_0/build_posix/gnu-support/missing aclocal-1.15'
AMDEPBACKSLASH='\'
AMDEP_FALSE='#'
AMDEP_TRUE=''
AMTAR='$${TAR-tar}'
AM_BACKSLASH='\'
AM_CFLAGS=''
AM_DEFAULT_V='$(AM_DEFAULT_VERBOSITY)'
AM_DEFAULT_VERBOSITY='1'
AM_LIBTOOLFLAGS=''
AM_V='$(V)'
AR='ar'
AUTOCONF='${SHELL} /Users/jesus.navarrete/sciodb/wiredtiger_2_8_0/build_posix/gnu-support/missing autoconf'
AUTOHEADER='${SHELL} /Users/jesus.navarrete/sciodb/wiredtiger_2_8_0/build_posix/gnu-support/missing autoheader'
AUTOMAKE='${SHELL} /Users/jesus.navarrete/sciodb/wiredtiger_2_8_0/build_posix/gnu-support/missing automake-1.15'
AWK='awk'
BERKELEY_DB_PATH=''
CC='gcc'
CCAS='gcc'
CCASDEPMODE='depmode=gcc3'
CCASFLAGS='-O3 -g'
CCDEPMODE='depmode=gcc3'
CFLAGS='-O3 -g'
CPP='gcc -E'
CPPFLAGS=''
CXX='c++'
CXXCPP='c++ -E'
CXXDEPMODE='depmode=gcc3'
CXXFLAGS='-O3 -g'
CYGPATH_W='echo'
DEFS=''
DEPDIR='.deps'
DLLTOOL='false'
DOXYGEN=''
DSYMUTIL='dsymutil'
DUMPBIN=''
ECHO_C='\c'
ECHO_N=''
ECHO_T=''
EGREP='/usr/bin/grep -E'
EXEEXT=''
FGREP='/usr/bin/grep -F'
FILE_t_decl=''
GREP='/usr/bin/grep'
HAVE_BASHOLEVELDB_FALSE=''
HAVE_BASHOLEVELDB_TRUE='#'
HAVE_BERKELEY_DB_FALSE=''
HAVE_BERKELEY_DB_TRUE=''
HAVE_BUILTIN_EXTENSION_LZ4_FALSE=''
HAVE_BUILTIN_EXTENSION_LZ4_TRUE='#'
HAVE_BUILTIN_EXTENSION_SNAPPY_FALSE=''
HAVE_BUILTIN_EXTENSION_SNAPPY_TRUE='#'
HAVE_BUILTIN_EXTENSION_ZLIB_FALSE=''
HAVE_BUILTIN_EXTENSION_ZLIB_TRUE='#'
HAVE_HELIUM_FALSE=''
HAVE_HELIUM_TRUE=''
HAVE_HYPERLEVELDB_FALSE=''
HAVE_HYPERLEVELDB_TRUE='#'
HAVE_ROCKSDB_FALSE=''
HAVE_ROCKSDB_TRUE='#'
HELIUM_PATH=''
INSTALL_DATA='${INSTALL} -m 644'
INSTALL_PROGRAM='${INSTALL}'
INSTALL_SCRIPT='${INSTALL}'
INSTALL_STRIP_PROGRAM='$(install_sh) -c -s'
JAR='jar'
JAVA=''
JAVAC='javac'
JAVA_FALSE='#'
JAVA_JUNIT=''
JAVA_TRUE=''
JNI_CPPFLAGS=''
JUNIT=''
LD='/Applications/Xcode.app/Contents/Developer/Toolchains/XcodeDefault.xctoolchain/usr/bin/ld'
LDFLAGS=''
LEVELDB_FALSE=''
LEVELDB_TRUE='#'
LIBOBJS=''
LIBS=''
LIBTOOL='$(SHELL) $(top_builddir)/libtool'
LIBTOOL_DEPS='build_posix/gnu-support/ltmain.sh'
LIPO='lipo'
LN_S='ln -s'
LTLIBOBJS=''
LZ4_FALSE=''
LZ4_TRUE='#'
MAKEINFO='${SHELL} /Users/jesus.navarrete/sciodb/wiredtiger_2_8_0/build_posix/gnu-support/missing makeinfo'
MAN1_PAGES=''
MAN3_PAGES=''
MANIFEST_TOOL=':'
MKDIR_P='build_posix/gnu-support/install-sh -c -d'
NM='/usr/bin/nm -B'
NMEDIT='nmedit'
OBJDUMP='false'
OBJEXT='o'
OTOOL64=':'
OTOOL='otool'
PACKAGE='wiredtiger'
PACKAGE_BUGREPORT='support@wiredtiger.com'
PACKAGE_NAME='WiredTiger'
PACKAGE_STRING='WiredTiger 2.8.0'
PACKAGE_TARNAME='wiredtiger'
PACKAGE_URL=''
PACKAGE_VERSION='2.8.0'
PATH_SEPARATOR=':'
PYTHON=''
PYTHON_EXEC_PREFIX=''
PYTHON_FALSE=''
PYTHON_INSTALL_ARG=''
PYTHON_PLATFORM=''
PYTHON_PREFIX=''
PYTHON_TRUE='#'
PYTHON_VERSION=''
RANLIB='ranlib'
SED='/usr/bin/sed'
SET_MAKE=''
SHELL='/bin/sh'
SNAPPY_FALSE=''
SNAPPY_TRUE='#'
STRIP='strip'
SWIG=''
SWIG_LIB=''
TCMalloc_FALSE=''
TCMalloc_TRUE='#'
TESTS_JUNIT=''
UUDECODE=''
VERSION='2.8.0'
VERSION_MAJOR='2'
VERSION_MINOR='8'
VERSION_NOPATCH='2.8'
VERSION_PATCH='0'
VERSION_STRING='"WiredTiger 2.8.0: (March 24, 2016)"'
ZLIB_FALSE=''
ZLIB_TRUE='#'
_ACJNI_JAVAC=''
ac_ct_AR='ar'
ac_ct_CC='gcc'
ac_ct_CXX='c++'
ac_ct_DUMPBIN=''
am__EXEEXT_FALSE=''
am__EXEEXT_TRUE=''
am__fastdepCCAS_FALSE='#'
am__fastdepCCAS_TRUE=''
am__fastdepCC_FALSE='#'
am__fastdepCC_TRUE=''
am__fastdepCXX_FALSE='#'
am__fastdepCXX_TRUE=''
am__include='include'
am__isrc=''
am__leading_dot='.'
am__nodep='_no'
am__quote=''
am__tar='$${TAR-tar} chof - "$$tardir"'
am__untar='$${TAR-tar} xf -'
bindir='${exec_prefix}/bin'
build='x86_64-apple-darwin15.4.0'
build_alias=''
build_cpu='x86_64'
build_os='darwin15.4.0'
build_vendor='apple'
datadir='${datarootdir}'
datarootdir='${prefix}/share'
docdir='${datarootdir}/doc/${PACKAGE_TARNAME}'
dvidir='${docdir}'
exec_prefix='NONE'
host='x86_64-apple-darwin15.4.0'
host_alias=''
host_cpu='x86_64'
host_os='darwin15.4.0'
host_vendor='apple'
htmldir='${docdir}'
includedir='${prefix}/include'
infodir='${datarootdir}/info'
install_sh='${SHELL} /Users/jesus.navarrete/sciodb/wiredtiger_2_8_0/build_posix/gnu-support/install-sh'
libdir='${exec_prefix}/lib'
libexecdir='${exec_prefix}/libexec'
localedir='${datarootdir}/locale'
localstatedir='${prefix}/var'
mandir='${datarootdir}/man'
mkdir_p='$(MKDIR_P)'
off_t_decl=''
oldincludedir='/usr/include'
pdfdir='${docdir}'
pid_t_decl=''
pkgpyexecdir=''
pkgpythondir=''
prefix='NONE'
program_transform_name='s,x,x,'
psdir='${docdir}'
pyexecdir=''
pythondir=''
sbindir='${exec_prefix}/sbin'
sharedstatedir='${prefix}/com'
size_t_decl=''
ssize_t_decl=''
sysconfdir='${prefix}/etc'
target_alias=''
time_t_decl=''
uintmax_t_decl=''
uintptr_t_decl=''
wiredtiger_includes_decl=''

## ----------- ##
## confdefs.h. ##
## ----------- ##

/* confdefs.h */
#define PACKAGE_NAME "WiredTiger"
#define PACKAGE_TARNAME "wiredtiger"
#define PACKAGE_VERSION "2.8.0"
#define PACKAGE_STRING "WiredTiger 2.8.0"
#define PACKAGE_BUGREPORT "support@wiredtiger.com"
#define PACKAGE_URL ""
#define PACKAGE "wiredtiger"
#define VERSION "2.8.0"
#define STDC_HEADERS 1
#define HAVE_SYS_TYPES_H 1
#define HAVE_SYS_STAT_H 1
#define HAVE_STDLIB_H 1
#define HAVE_STRING_H 1
#define HAVE_MEMORY_H 1
#define HAVE_STRINGS_H 1
#define HAVE_INTTYPES_H 1
#define HAVE_STDINT_H 1
#define HAVE_UNISTD_H 1
#define SPINLOCK_TYPE SPINLOCK_PTHREAD_MUTEX
#define HAVE_DLFCN_H 1
#define LT_OBJDIR ".libs/"

configure: exit 1
